c:\users\77swi\source\repos\master's degree\kondo-heisenberg\temp_15112.0
c:\users\77swi\source\repos\master's degree\kondo-heisenberg\outfile-child-of-15112.0
c:\users\77swi\source\repos\master's degree\kondo-heisenberg\errfile-child-of-15112.0
c:\users\77swi\source\repos\master's degree\kondo-heisenberg\temp_15112.1
c:\users\77swi\source\repos\master's degree\kondo-heisenberg\outfile-child-of-15112.1
c:\users\77swi\source\repos\master's degree\kondo-heisenberg\errfile-child-of-15112.1
c:\users\77swi\source\repos\master's degree\kondo-heisenberg\temp_15112.2
c:\users\77swi\source\repos\master's degree\kondo-heisenberg\outfile-child-of-15112.2
c:\users\77swi\source\repos\master's degree\kondo-heisenberg\errfile-child-of-15112.2
c:\users\77swi\source\repos\master's degree\kondo-heisenberg\x64\debug\hamiltonian.obj
c:\users\77swi\source\repos\master's degree\kondo-heisenberg\x64\debug\sparse_mat.obj
c:\users\77swi\source\repos\master's degree\kondo-heisenberg\x64\debug\lanczos.obj
c:\users\77swi\source\repos\master's degree\kondo-heisenberg\x64\debug\main.obj
c:\users\77swi\appdata\local\temp\lnk{af0f2b80-169f-4698-87d2-d95b4085ef4f}.tmp
c:\users\77swi\source\repos\master's degree\x64\debug\kondo-heisenberg.pdb
c:\users\77swi\source\repos\master's degree\kondo-heisenberg\x64\debug\kondo-heisenberg.tlog\icl-mcpcom.12844.read.1.tlog
c:\users\77swi\source\repos\master's degree\kondo-heisenberg\x64\debug\kondo-heisenberg.tlog\icl-mcpcom.12844.write.1.tlog
c:\users\77swi\source\repos\master's degree\kondo-heisenberg\x64\debug\kondo-heisenberg.tlog\icl-mcpcom.16256.read.1.tlog
c:\users\77swi\source\repos\master's degree\kondo-heisenberg\x64\debug\kondo-heisenberg.tlog\icl-mcpcom.16256.write.1.tlog
c:\users\77swi\source\repos\master's degree\kondo-heisenberg\x64\debug\kondo-heisenberg.tlog\icl-mcpcom.8228.read.1.tlog
c:\users\77swi\source\repos\master's degree\kondo-heisenberg\x64\debug\kondo-heisenberg.tlog\icl-mcpcom.8228.write.1.tlog
c:\users\77swi\source\repos\master's degree\kondo-heisenberg\x64\debug\kondo-heisenberg.tlog\icl-mcpcom.read.1.tlog
c:\users\77swi\source\repos\master's degree\kondo-heisenberg\x64\debug\kondo-heisenberg.tlog\icl-mcpcom.write.1.tlog
c:\users\77swi\source\repos\master's degree\kondo-heisenberg\x64\debug\kondo-heisenberg.tlog\icl-mcpcom.write.2.tlog
c:\users\77swi\source\repos\master's degree\kondo-heisenberg\x64\debug\kondo-heisenberg.tlog\icl.command.1.tlog
c:\users\77swi\source\repos\master's degree\kondo-heisenberg\x64\debug\kondo-heisenberg.tlog\icl.read.1.tlog
c:\users\77swi\source\repos\master's degree\kondo-heisenberg\x64\debug\kondo-heisenberg.tlog\icl.write.1.tlog
c:\users\77swi\source\repos\master's degree\kondo-heisenberg\x64\debug\kondo-heisenberg.tlog\xilink-link-cvtres.read.1.tlog
c:\users\77swi\source\repos\master's degree\kondo-heisenberg\x64\debug\kondo-heisenberg.tlog\xilink-link-cvtres.write.1.tlog
c:\users\77swi\source\repos\master's degree\kondo-heisenberg\x64\debug\kondo-heisenberg.tlog\xilink-link-rc.read.1.tlog
c:\users\77swi\source\repos\master's degree\kondo-heisenberg\x64\debug\kondo-heisenberg.tlog\xilink-link-rc.write.1.tlog
c:\users\77swi\source\repos\master's degree\kondo-heisenberg\x64\debug\kondo-heisenberg.tlog\xilink-link.read.1.tlog
c:\users\77swi\source\repos\master's degree\kondo-heisenberg\x64\debug\kondo-heisenberg.tlog\xilink-link.write.1.tlog
c:\users\77swi\source\repos\master's degree\kondo-heisenberg\x64\debug\kondo-heisenberg.tlog\xilink.command.1.tlog
c:\users\77swi\source\repos\master's degree\kondo-heisenberg\x64\debug\kondo-heisenberg.tlog\xilink.read.1.tlog
c:\users\77swi\source\repos\master's degree\kondo-heisenberg\x64\debug\kondo-heisenberg.tlog\xilink.write.1.tlog
